#
# A fatal error has been detected by the Java Runtime Environment:
#
#  EXCEPTION_ACCESS_VIOLATION (0xc0000005) at pc=0x0000020377c30fa4, pid=15012, tid=17356
#
# JRE version: Java(TM) SE Runtime Environment (21.0.1+12) (build 21.0.1+12-LTS-29)
# Java VM: Java HotSpot(TM) 64-Bit Server VM (21.0.1+12-LTS-29, mixed mode, emulated-client, sharing, tiered, compressed oops, compressed class ptrs, g1 gc, windows-amd64)
# Problematic frame:
# v  ~BufferBlob::MethodHandles adapters 0x0000020377c30fa4
#
# No core dump will be written. Minidumps are not enabled by default on client versions of Windows
#
# If you would like to submit a bug report, please visit:
#   https://bugreport.java.com/bugreport/crash.jsp
#

---------------  S U M M A R Y ------------

Command Line: -XX:+ShowCodeDetailsInExceptionMessages -agentlib:jdwp=transport=dt_socket,suspend=y,address=localhost:61634 -Dcom.sun.management.jmxremote -Dcom.sun.management.jmxremote.port=61632 -Dcom.sun.management.jmxremote.authenticate=false -Dcom.sun.management.jmxremote.ssl=false -Djava.rmi.server.hostname=localhost -Dspring.jmx.enabled=true -Dmanagement.endpoints.jmx.exposure.include=* -Dspring.application.admin.enabled=true -XX:TieredStopAtLevel=1 -Dspring.boot.project.name=booksControls -javaagent:C:\Users\Gaston\eclipse\jee-2022-06\eclipse\configuration\org.eclipse.osgi\1302\0\.cp\lib\javaagent-shaded.jar -Dfile.encoding=UTF-8 com.gastonfernandez.BooksControlsApplication --spring.output.ansi.enabled=always

Host: Intel(R) Core(TM) i7-4510U CPU @ 2.00GHz, 4 cores, 11G,  Windows 10 , 64 bit Build 19041 (10.0.19041.3636)
Time: Mon Jan 22 19:48:02 2024 Hora estándar de Argentina elapsed time: 86.347123 seconds (0d 0h 1m 26s)

---------------  T H R E A D  ---------------

Current thread (0x0000020348d99ad0):  JavaThread "http-nio-8080-exec-2" daemon [_thread_in_Java, id=17356, stack(0x000000a328700000,0x000000a328800000) (1024K)]

Stack: [0x000000a328700000,0x000000a328800000],  sp=0x000000a3287fd1f8,  free space=1012k
Native frames: (J=compiled Java code, j=interpreted, Vv=VM code, C=native code)
C  0x0000020377c30fa4

The last pc belongs to _linkToVirtual (printed below).

siginfo: EXCEPTION_ACCESS_VIOLATION (0xc0000005), reading address 0x000005cd69bb1b92


Registers:
RAX=0x0000020377c0958b, RBX=0x00000007430c8908, RCX=0x000000a3287fd200, RDX=0x0000000000000002
RSP=0x000000a3287fd1f8, RBP=0x000000a3287fd248, RSI=0x000002037fa80ae8, RDI=0x00000203487053f0
R8 =0x0000000000000004, R9 =0x0000000000000004, R10=0x000002030472b142, R11=0x000000794ca90d11
R12=0x0000000000000000, R13=0x000000a3287fd1f8, R14=0x000000a3287fd268, R15=0x0000020348d99ad0
RIP=0x0000020377c30fa4, EFLAGS=0x0000000000010206


Register to memory mapping:

RAX=0x0000020377c0958b is at code_begin+4363 in an Interpreter codelet
return entry points  [0x0000020377c08480, 0x0000020377c0a298]  7704 bytes
RBX=0x00000007430c8908 is an oop: com.gastonfernandez.controllers.CurrencyController 
{0x00000007430c8908} - klass: 'com/gastonfernandez/controllers/CurrencyController'
 - ---- fields (total size 2 words):
 - private final 'apiCurrencyService' 'Lcom/gastonfernandez/service/ApiCurrencyService;' @12  a 'com/gastonfernandez/service/ApiCurrencyService'{0x00000007430c8918} (0xe8619123)
RCX=0x000000a3287fd200 is pointing into the stack for thread: 0x0000020348d99ad0
RDX=0x0000000000000002 is an unknown value
RSP=0x000000a3287fd1f8 is pointing into the stack for thread: 0x0000020348d99ad0
RBP=0x000000a3287fd248 is pointing into the stack for thread: 0x0000020348d99ad0
RSI=0x000002037fa80ae8 points into unknown readable memory: 0x80001d00fece384b | 4b 38 ce fe 00 1d 00 80
RDI=0x00000203487053f0 points into unknown readable memory: 0x0000001800000060 | 60 00 00 00 18 00 00 00
R8 =0x0000000000000004 is an unknown value
R9 =0x0000000000000004 is an unknown value
R10=0x000002030472b142 is an unknown value
R11=0x000000794ca90d11 is an unknown value
R12=0x0 is null
R13=0x000000a3287fd1f8 is pointing into the stack for thread: 0x0000020348d99ad0
R14=0x000000a3287fd268 is pointing into the stack for thread: 0x0000020348d99ad0
R15=0x0000020348d99ad0 is a thread

Top of Stack: (sp=0x000000a3287fd1f8)
0x000000a3287fd1f8:   0000020377c0958b 000000a3287fd200
0x000000a3287fd208:   000002030272b142 0000000000000004
0x000000a3287fd218:   00000203020b2020 0000000744406ca8
0x000000a3287fd228:   00000007413e55d0 00000203020b4b70
0x000000a3287fd238:   000000a3287fd1f8 000000a3287fd270
0x000000a3287fd248:   000000a3287fd580 000002037829d8b0
0x000000a3287fd258:   0000000744406960 00000007430c8908
0x000000a3287fd268:   0000000744406ab0 000000a3287fd580
0x000000a3287fd278:   00000203787cc2b4 0000000741428270
0x000000a3287fd288:   0000000744406c80 00000007430c8908
0x000000a3287fd298:   0000000744406c30 0000000744406ab0
0x000000a3287fd2a8:   00000007430c8908 000002037829d7ec
0x000000a3287fd2b8:   00007ffb7e723f25 000000a3287fd580
0x000000a3287fd2c8:   000002037853cc3a 0000000700000000
0x000000a3287fd2d8:   000000074300dd20 0000000741428270
0x000000a3287fd2e8:   0000000744406ca8 0000000744406c80
0x000000a3287fd2f8:   0000000700000001 0000000741428270
0x000000a3287fd308:   00000007428baae0 00000007430c82e8
0x000000a3287fd318:   00007ffb7e7427a4 000000a3287fd580
0x000000a3287fd328:   0000020377f9f5f4 0000000742787970
0x000000a3287fd338:   00007ffb7e723f25 000000a3287fd580
0x000000a3287fd348:   00000203787cb374 0000000000000000
0x000000a3287fd358:   0000000000000000 0000000000000000
0x000000a3287fd368:   0000000000000000 0000000000000000
0x000000a3287fd378:   0000000000000000 0000000744406ca8
0x000000a3287fd388:   00000007447e7498 00000007430c8908
0x000000a3287fd398:   000000a3287fc100 000000074300dd20
0x000000a3287fd3a8:   00000007413e40f0 000000074300dd20
0x000000a3287fd3b8:   00000007430c82e8 0000000000000000
0x000000a3287fd3c8:   0000000744406ca8 000000a3287fd580
0x000000a3287fd3d8:   00000203787c8922 000000074300dd20
0x000000a3287fd3e8:   0000000744406c80 000000a3287fd580 

Instructions: (pc=0x0000020377c30fa4)
0x0000020377c30ea4:   03 02 00 00 00 0f c3 77 03 02 00 00 80 1f c3 77
0x0000020377c30eb4:   03 02 00 00 f0 0e c3 77 03 02 00 00 f0 0e c3 77
0x0000020377c30ec4:   03 02 00 00 00 00 00 00 00 00 00 00 08 30 cb 7e
0x0000020377c30ed4:   fb 7f 00 00 f0 10 00 00 60 00 00 00 ff ff ff ff
0x0000020377c30ee4:   f0 10 00 00 00 00 00 00 00 00 00 00 00 00 00 00
0x0000020377c30ef4:   00 00 00 00 00 00 00 00 00 00 00 00 f4 66 66 66
0x0000020377c30f04:   0f 1f 84 00 00 00 00 00 66 66 66 90 66 66 66 0f
0x0000020377c30f14:   1f 84 00 00 00 00 00 66 66 66 90 90 48 8b 53 08
0x0000020377c30f24:   0f b7 52 2e 48 8b 0c d4 8b 59 14 48 c1 e3 03 8b
0x0000020377c30f34:   5b 28 48 c1 e3 03 8b 5b 24 48 c1 e3 03 48 8b 5b
0x0000020377c30f44:   10 48 85 db 0f 84 10 00 00 00 41 80 bf e0 05 00
0x0000020377c30f54:   00 00 74 03 ff 63 38 ff 63 50 e9 9d 16 00 00 66
0x0000020377c30f64:   66 66 0f 1f 84 00 00 00 00 00 66 66 66 90 66 66
0x0000020377c30f74:   0f 1f 84 00 00 00 00 00 66 66 66 90 48 8b 53 08
0x0000020377c30f84:   0f b7 52 2e 48 8b 0c d4 58 5b 50 44 8b 51 08 49
0x0000020377c30f94:   bb 00 00 00 02 03 02 00 00 4d 03 d3 4c 8b 5b 10
0x0000020377c30fa4:   4b 8b 9c da c8 01 00 00 48 85 db 0f 84 10 00 00
0x0000020377c30fb4:   00 41 80 bf e0 05 00 00 00 74 03 ff 63 38 ff 63
0x0000020377c30fc4:   50 e9 36 16 00 00 66 66 66 0f 1f 84 00 00 00 00
0x0000020377c30fd4:   00 66 66 66 90 0f 1f 80 00 00 00 00 58 5b 50 8b
0x0000020377c30fe4:   5b 24 48 c1 e3 03 48 8b 5b 10 48 85 db 0f 84 10
0x0000020377c30ff4:   00 00 00 41 80 bf e0 05 00 00 00 74 03 ff 63 38
0x0000020377c31004:   ff 63 50 e9 f4 15 00 00 66 66 66 0f 1f 84 00 00
0x0000020377c31014:   00 00 00 66 66 66 90 0f 1f 44 00 00 48 8b 53 08
0x0000020377c31024:   0f b7 52 2e 48 8b 0c d4 58 5b 50 48 3b 01 8b 5b
0x0000020377c31034:   24 48 c1 e3 03 48 8b 5b 10 48 85 db 0f 84 10 00
0x0000020377c31044:   00 00 41 80 bf e0 05 00 00 00 74 03 ff 63 38 ff
0x0000020377c31054:   63 50 e9 a5 15 00 00 0f 1f 44 00 00 48 8b 53 08
0x0000020377c31064:   0f b7 52 2e 48 8b 0c d4 58 5b 50 44 8b 51 08 49
0x0000020377c31074:   bb 00 00 00 02 03 02 00 00 4d 03 d3 8b 43 18 48
0x0000020377c31084:   c1 e0 03 48 8b 40 10 48 8b 5b 10 45 8b 9a a0 00
0x0000020377c31094:   00 00 4f 8d 9c da c8 01 00 00 4d 8d 14 da 49 8b 


Stack slot to memory mapping:

stack at sp + 0 slots: 0x0000020377c0958b is at code_begin+4363 in an Interpreter codelet
return entry points  [0x0000020377c08480, 0x0000020377c0a298]  7704 bytes
stack at sp + 1 slots: 0x000000a3287fd200 is pointing into the stack for thread: 0x0000020348d99ad0
stack at sp + 2 slots: 0x000002030272b142 is pointing into metadata
stack at sp + 3 slots: 0x0000000000000004 is an unknown value
stack at sp + 4 slots: 0x00000203020b2020 is pointing into metadata
stack at sp + 5 slots: 0x0000000744406ca8 is an oop: jdk.internal.reflect.DirectMethodHandleAccessor 
{0x0000000744406ca8} - klass: 'jdk/internal/reflect/DirectMethodHandleAccessor'
 - ---- fields (total size 4 words):
 - private final 'paramCount' 'I' @12  0 (0x00000000)
 - private final 'flags' 'I' @16  0 (0x00000000)
 - private final 'declaringClass' 'Ljava/lang/Class;' @20  a 'java/lang/Class'{0x0000000741428270} = 'com/gastonfernandez/controllers/CurrencyController' (0xe828504e)
 - private final 'target' 'Ljava/lang/invoke/MethodHandle;' @24  a 'java/lang/invoke/BoundMethodHandle$Species_LL'{0x0000000744406c80} (0xe8880d90)
stack at sp + 6 slots: 0x00000007413e55d0 is an oop: java.lang.Class 
{0x00000007413e55d0} - klass: 'java/lang/Class'
 - ---- fields (total size 14 words):
 - private volatile transient 'classRedefinedCount' 'I' @12  0 (0x00000000)
 - injected 'klass' 'J' @16  2211942439920 (0x00000203020b1bf0)
 - injected 'array_klass' 'J' @24  0 (0x0000000000000000)
 - injected 'oop_size' 'I' @32  14 (0x0000000e)
 - injected 'static_oop_field_count' 'I' @36  0 (0x00000000)
 - private volatile transient 'cachedConstructor' 'Ljava/lang/reflect/Constructor;' @40  null (0x00000000)
 - private transient 'name' 'Ljava/lang/String;' @44  null (0x00000000)
 - private transient 'module' 'Ljava/lang/Module;' @48  a 'java/lang/Module'{0x00000007413c4d98} (0xe82789b3)
 - private final 'classLoader' 'Ljava/lang/ClassLoader;' @52  null (0x00000000)
 - private transient 'classData' 'Ljava/lang/Object;' @56  null (0x00000000)
 - private transient 'packageName' 'Ljava/lang/String;' @60  null (0x00000000)
 - private final 'componentType' 'Ljava/lang/Class;' @64  null (0x00000000)
 - private volatile transient 'reflectionData' 'Ljava/lang/ref/SoftReference;' @68  null (0x00000000)
 - private volatile transient 'genericInfo' 'Lsun/reflect/generics/repository/ClassRepository;' @72  null (0x00000000)
 - private volatile transient 'enumConstants' '[Ljava/lang/Object;' @76  null (0x00000000)
 - private volatile transient 'enumConstantDirectory' 'Ljava/util/Map;' @80  null (0x00000000)
 - private volatile transient 'annotationData' 'Ljava/lang/Class$AnnotationData;' @84  null (0x00000000)
 - private volatile transient 'annotationType' 'Lsun/reflect/annotation/AnnotationType;' @88  null (0x00000000)
 - transient 'classValueMap' 'Ljava/lang/ClassValue$ClassValueMap;' @92  null (0x00000000)
 - injected 'protection_domain' 'Ljava/lang/Object;' @96  null (0x00000000)
 - injected 'signers_name' 'Ljava/lang/Object;' @100  null (0x00000000)
 - injected 'source_file' 'Ljava/lang/Object;' @104  null (0x00000000)
 - signature: Ljava/lang/invoke/DirectMethodHandle$Holder;
 - ---- static fields (0):
stack at sp + 7 slots: {method} {0x00000203020b4b78} 'invokeVirtual' '(Ljava/lang/Object;Ljava/lang/Object;)Ljava/lang/Object;' in 'java/lang/invoke/DirectMethodHandle$Holder'

MethodHandle::interpreter_entry::_linkToVirtual [0x0000020377c30f63, 0x0000020377c30fca] (103 bytes)
[MachCode]
  0x0000020377c30f63: 6666 660f | 1f84 0000 | 0000 0066 | 6666 9066 | 660f 1f84 | 0000 0000 | 0066 6666 | 9048 8b53 
  0x0000020377c30f83: 080f b752 | 2e48 8b0c | d458 5b50 | 448b 5108 | 49bb 0000 | 0002 0302 | 0000 4d03 | d34c 8b5b 
  0x0000020377c30fa3: 104b 8b9c | dac8 0100 | 0048 85db | 0f84 1000 | 0000 4180 | bfe0 0500 | 0000 7403 | ff63 38ff 
  0x0000020377c30fc3: 6350 e936 | 
[/MachCode]

---------------  P R O C E S S  ---------------

Threads class SMR info:
_java_thread_list=0x00000203491e9540, length=39, elements={
0x000002037eb54020, 0x000002037eb556e0, 0x000002037eb58cb0, 0x000002037eb5cb10,
0x000002037eb5d570, 0x000002037eb5dfd0, 0x000002037eb5ea30, 0x000002037ed104e0,
0x000002037edeb020, 0x000002037edeb8b0, 0x000002037edebf30, 0x000002037f5cd5b0,
0x000002037f73c240, 0x000002037f747810, 0x000002037f77a1f0, 0x000002037fb4cac0,
0x000002037fb94c00, 0x000002037fb9d280, 0x000002037fbbd140, 0x000002037fc34600,
0x000002037fc34c90, 0x000002037fc373f0, 0x000002037fc35320, 0x000002037fc359b0,
0x000002037fc366d0, 0x0000020348d9c230, 0x0000020348d9b510, 0x0000020348d99ad0,
0x0000020348d9c8c0, 0x0000020348d9a160, 0x0000020348d9cf50, 0x0000020348d9bba0,
0x0000020348d9a7f0, 0x0000020348d9ae80, 0x000002034929ad90, 0x00000203492a0970,
0x000002034929c7d0, 0x000002034929e8a0, 0x000002034929b420
}

Java Threads: ( => current thread )
  0x000002037eb54020 JavaThread "Reference Handler"          daemon [_thread_blocked, id=13364, stack(0x000000a326300000,0x000000a326400000) (1024K)]
  0x000002037eb556e0 JavaThread "Finalizer"                  daemon [_thread_blocked, id=13116, stack(0x000000a326400000,0x000000a326500000) (1024K)]
  0x000002037eb58cb0 JavaThread "Signal Dispatcher"          daemon [_thread_blocked, id=5992, stack(0x000000a326500000,0x000000a326600000) (1024K)]
  0x000002037eb5cb10 JavaThread "Attach Listener"            daemon [_thread_blocked, id=5656, stack(0x000000a326600000,0x000000a326700000) (1024K)]
  0x000002037eb5d570 JavaThread "Service Thread"             daemon [_thread_blocked, id=18916, stack(0x000000a326700000,0x000000a326800000) (1024K)]
  0x000002037eb5dfd0 JavaThread "Monitor Deflation Thread"   daemon [_thread_blocked, id=2608, stack(0x000000a326800000,0x000000a326900000) (1024K)]
  0x000002037eb5ea30 JavaThread "C1 CompilerThread0"         daemon [_thread_blocked, id=15636, stack(0x000000a326900000,0x000000a326a00000) (1024K)]
  0x000002037ed104e0 JavaThread "Common-Cleaner"             daemon [_thread_blocked, id=16264, stack(0x000000a326a00000,0x000000a326b00000) (1024K)]
  0x000002037edeb020 JavaThread "JDWP Transport Listener: dt_socket" daemon [_thread_blocked, id=19776, stack(0x000000a326c00000,0x000000a326d00000) (1024K)]
  0x000002037edeb8b0 JavaThread "JDWP Event Helper Thread"   daemon [_thread_blocked, id=16348, stack(0x000000a326d00000,0x000000a326e00000) (1024K)]
  0x000002037edebf30 JavaThread "JDWP Command Reader"        daemon [_thread_in_native, id=19980, stack(0x000000a326e00000,0x000000a326f00000) (1024K)]
  0x000002037f5cd5b0 JavaThread "Notification Thread"        daemon [_thread_blocked, id=13360, stack(0x000000a326f00000,0x000000a327000000) (1024K)]
  0x000002037f73c240 JavaThread "RMI TCP Accept-0"           daemon [_thread_in_native, id=1832, stack(0x000000a327400000,0x000000a327500000) (1024K)]
  0x000002037f747810 JavaThread "RMI TCP Accept-61632"       daemon [_thread_in_native, id=11932, stack(0x000000a327500000,0x000000a327600000) (1024K)]
  0x000002037f77a1f0 JavaThread "RMI TCP Accept-0"           daemon [_thread_in_native, id=15428, stack(0x000000a327600000,0x000000a327700000) (1024K)]
  0x000002037fb4cac0 JavaThread "RMI TCP Connection(idle)"   daemon [_thread_blocked, id=16652, stack(0x000000a327700000,0x000000a327800000) (1024K)]
  0x000002037fb94c00 JavaThread "RMI Scheduler(0)"           daemon [_thread_blocked, id=1268, stack(0x000000a327800000,0x000000a327900000) (1024K)]
  0x000002037fb9d280 JavaThread "RMI TCP Connection(idle)"   daemon [_thread_blocked, id=372, stack(0x000000a327900000,0x000000a327a00000) (1024K)]
  0x000002037fbbd140 JavaThread "JMX server connection timeout 33" daemon [_thread_blocked, id=17784, stack(0x000000a327a00000,0x000000a327b00000) (1024K)]
  0x000002037fc34600 JavaThread "Catalina-utility-1"                [_thread_blocked, id=9904, stack(0x000000a327d00000,0x000000a327e00000) (1024K)]
  0x000002037fc34c90 JavaThread "Catalina-utility-2"                [_thread_blocked, id=2376, stack(0x000000a327e00000,0x000000a327f00000) (1024K)]
  0x000002037fc373f0 JavaThread "container-0"                       [_thread_blocked, id=11204, stack(0x000000a327f00000,0x000000a328000000) (1024K)]
  0x000002037fc35320 JavaThread "mysql-cj-abandoned-connection-cleanup" daemon [_thread_blocked, id=4572, stack(0x000000a328000000,0x000000a328100000) (1024K)]
  0x000002037fc359b0 JavaThread "HikariPool-1 housekeeper"   daemon [_thread_blocked, id=13200, stack(0x000000a328200000,0x000000a328300000) (1024K)]
  0x000002037fc366d0 JavaThread "File Watcher"               daemon [_thread_blocked, id=10548, stack(0x000000a328400000,0x000000a328500000) (1024K)]
  0x0000020348d9c230 JavaThread "Live Reload Server"         daemon [_thread_in_native, id=13088, stack(0x000000a328600000,0x000000a328700000) (1024K)]
  0x0000020348d9b510 JavaThread "http-nio-8080-exec-1"       daemon [_thread_blocked, id=18200, stack(0x000000a328500000,0x000000a328600000) (1024K)]
=>0x0000020348d99ad0 JavaThread "http-nio-8080-exec-2"       daemon [_thread_in_Java, id=17356, stack(0x000000a328700000,0x000000a328800000) (1024K)]
  0x0000020348d9c8c0 JavaThread "http-nio-8080-exec-3"       daemon [_thread_blocked, id=18076, stack(0x000000a328800000,0x000000a328900000) (1024K)]
  0x0000020348d9a160 JavaThread "http-nio-8080-exec-4"       daemon [_thread_blocked, id=18684, stack(0x000000a328900000,0x000000a328a00000) (1024K)]
  0x0000020348d9cf50 JavaThread "http-nio-8080-exec-5"       daemon [_thread_blocked, id=18164, stack(0x000000a328a00000,0x000000a328b00000) (1024K)]
  0x0000020348d9bba0 JavaThread "http-nio-8080-exec-6"       daemon [_thread_blocked, id=10984, stack(0x000000a328b00000,0x000000a328c00000) (1024K)]
  0x0000020348d9a7f0 JavaThread "http-nio-8080-exec-7"       daemon [_thread_blocked, id=19076, stack(0x000000a328c00000,0x000000a328d00000) (1024K)]
  0x0000020348d9ae80 JavaThread "http-nio-8080-exec-8"       daemon [_thread_blocked, id=11556, stack(0x000000a328d00000,0x000000a328e00000) (1024K)]
  0x000002034929ad90 JavaThread "http-nio-8080-exec-9"       daemon [_thread_blocked, id=2552, stack(0x000000a328e00000,0x000000a328f00000) (1024K)]
  0x00000203492a0970 JavaThread "http-nio-8080-exec-10"      daemon [_thread_blocked, id=15064, stack(0x000000a328f00000,0x000000a329000000) (1024K)]
  0x000002034929c7d0 JavaThread "http-nio-8080-Poller"       daemon [_thread_in_native, id=3768, stack(0x000000a329000000,0x000000a329100000) (1024K)]
  0x000002034929e8a0 JavaThread "http-nio-8080-Acceptor"     daemon [_thread_in_native, id=15096, stack(0x000000a329100000,0x000000a329200000) (1024K)]
  0x000002034929b420 JavaThread "DestroyJavaVM"                     [_thread_blocked, id=9920, stack(0x000000a325b00000,0x000000a325c00000) (1024K)]
Total: 39

Other Threads:
  0x000002037eb324b0 VMThread "VM Thread"                           [id=12020, stack(0x000000a326200000,0x000000a326300000) (1024K)]
  0x000002037eb1bb50 WatcherThread "VM Periodic Task Thread"        [id=2484, stack(0x000000a326100000,0x000000a326200000) (1024K)]
  0x000002036f802980 WorkerThread "GC Thread#0"                     [id=1568, stack(0x000000a325c00000,0x000000a325d00000) (1024K)]
  0x000002037eb33330 WorkerThread "GC Thread#1"                     [id=14460, stack(0x000000a327000000,0x000000a327100000) (1024K)]
  0x000002037eb336d0 WorkerThread "GC Thread#2"                     [id=4440, stack(0x000000a327100000,0x000000a327200000) (1024K)]
  0x000002037eb32bf0 WorkerThread "GC Thread#3"                     [id=8332, stack(0x000000a327200000,0x000000a327300000) (1024K)]
  0x000002036f810070 ConcurrentGCThread "G1 Main Marker"            [id=13068, stack(0x000000a325d00000,0x000000a325e00000) (1024K)]
  0x000002036f811740 WorkerThread "G1 Conc#0"                       [id=20344, stack(0x000000a325e00000,0x000000a325f00000) (1024K)]
  0x000002037e9f10a0 ConcurrentGCThread "G1 Refine#0"               [id=5700, stack(0x000000a325f00000,0x000000a326000000) (1024K)]
  0x000002036f86d750 ConcurrentGCThread "G1 Service"                [id=17756, stack(0x000000a326000000,0x000000a326100000) (1024K)]
Total: 10

Threads with active compile tasks:
Total: 0

VM state: not at safepoint (normal execution)

VM Mutex/Monitor currently owned by a thread: None

Heap address: 0x0000000741000000, size: 3056 MB, Compressed Oops mode: Zero based, Oop shift amount: 3

CDS archive(s) mapped at: [0x0000020302000000-0x0000020302c90000-0x0000020302c90000), size 13172736, SharedBaseAddress: 0x0000020302000000, ArchiveRelocationMode: 1.
Compressed class space mapped at: 0x0000020303000000-0x0000020343000000, reserved size: 1073741824
Narrow klass base: 0x0000020302000000, Narrow klass shift: 0, Narrow klass range: 0x100000000

GC Precious Log:
 CardTable entry size: 512
 Card Set container configuration: InlinePtr #cards 4 size 8 Array Of Cards #cards 16 size 48 Howl #buckets 8 coarsen threshold 3686 Howl Bitmap #cards 512 size 80 coarsen threshold 460 Card regions per heap region 1 cards per card region 4096
 CPUs: 4 total, 4 available
 Memory: 12216M
 Large Page Support: Disabled
 NUMA Support: Disabled
 Compressed Oops: Enabled (Zero based)
 Heap Region Size: 2M
 Heap Min Capacity: 8M
 Heap Initial Capacity: 192M
 Heap Max Capacity: 3056M
 Pre-touch: Disabled
 Parallel Workers: 4
 Concurrent Workers: 1
 Concurrent Refinement Workers: 4
 Periodic GC: Disabled

Heap:
 garbage-first heap   total 67584K, used 52160K [0x0000000741000000, 0x0000000800000000)
  region size 2048K, 14 young (28672K), 1 survivors (2048K)
 Metaspace       used 67559K, committed 68352K, reserved 1114112K
  class space    used 9339K, committed 9728K, reserved 1048576K

Heap Regions: E=young(eden), S=young(survivor), O=old, HS=humongous(starts), HC=humongous(continues), CS=collection set, F=free, TAMS=top-at-mark-start, PB=parsable bottom
|   0|0x0000000741000000, 0x0000000741200000, 0x0000000741200000|100%| O|  |TAMS 0x0000000741000000| PB 0x0000000741000000| Untracked 
|   1|0x0000000741200000, 0x0000000741400000, 0x0000000741400000|100%| O|  |TAMS 0x0000000741200000| PB 0x0000000741200000| Untracked 
|   2|0x0000000741400000, 0x0000000741600000, 0x0000000741600000|100%| O|  |TAMS 0x0000000741400000| PB 0x0000000741400000| Untracked 
|   3|0x0000000741600000, 0x0000000741800000, 0x0000000741800000|100%| O|  |TAMS 0x0000000741600000| PB 0x0000000741600000| Untracked 
|   4|0x0000000741800000, 0x0000000741a00000, 0x0000000741a00000|100%| O|  |TAMS 0x0000000741800000| PB 0x0000000741800000| Untracked 
|   5|0x0000000741a00000, 0x0000000741a00000, 0x0000000741c00000|  0%| F|  |TAMS 0x0000000741a00000| PB 0x0000000741a00000| Untracked 
|   6|0x0000000741c00000, 0x0000000741e00000, 0x0000000741e00000|100%| O|  |TAMS 0x0000000741c00000| PB 0x0000000741c00000| Untracked 
|   7|0x0000000741e00000, 0x0000000742000000, 0x0000000742000000|100%| O|  |TAMS 0x0000000741e00000| PB 0x0000000741e00000| Untracked 
|   8|0x0000000742000000, 0x0000000742200000, 0x0000000742200000|100%| O|  |TAMS 0x0000000742000000| PB 0x0000000742000000| Untracked 
|   9|0x0000000742200000, 0x0000000742400000, 0x0000000742400000|100%| O|  |TAMS 0x0000000742200000| PB 0x0000000742200000| Untracked 
|  10|0x0000000742400000, 0x0000000742600000, 0x0000000742600000|100%| O|  |TAMS 0x0000000742400000| PB 0x0000000742400000| Untracked 
|  11|0x0000000742600000, 0x0000000742800000, 0x0000000742800000|100%| O|  |TAMS 0x0000000742600000| PB 0x0000000742600000| Untracked 
|  12|0x0000000742800000, 0x0000000742a00000, 0x0000000742a00000|100%| O|  |TAMS 0x0000000742800000| PB 0x0000000742800000| Untracked 
|  13|0x0000000742a00000, 0x0000000742a00000, 0x0000000742c00000|  0%| F|  |TAMS 0x0000000742a00000| PB 0x0000000742a00000| Untracked 
|  14|0x0000000742c00000, 0x0000000742c00000, 0x0000000742e00000|  0%| F|  |TAMS 0x0000000742c00000| PB 0x0000000742c00000| Untracked 
|  15|0x0000000742e00000, 0x0000000742e00000, 0x0000000743000000|  0%| F|  |TAMS 0x0000000742e00000| PB 0x0000000742e00000| Untracked 
|  16|0x0000000743000000, 0x0000000743200000, 0x0000000743200000|100%| O|  |TAMS 0x0000000743000000| PB 0x0000000743000000| Untracked 
|  17|0x0000000743200000, 0x00000007433dbe40, 0x0000000743400000| 92%| O|  |TAMS 0x0000000743200000| PB 0x0000000743200000| Untracked 
|  18|0x0000000743400000, 0x0000000743400000, 0x0000000743600000|  0%| F|  |TAMS 0x0000000743400000| PB 0x0000000743400000| Untracked 
|  19|0x0000000743600000, 0x000000074373b998, 0x0000000743800000| 61%| E|  |TAMS 0x0000000743600000| PB 0x0000000743600000| Complete 
|  20|0x0000000743800000, 0x00000007439143d8, 0x0000000743a00000| 53%| S|CS|TAMS 0x0000000743800000| PB 0x0000000743800000| Complete 
|  21|0x0000000743a00000, 0x0000000743c00000, 0x0000000743c00000|100%| E|CS|TAMS 0x0000000743a00000| PB 0x0000000743a00000| Complete 
|  22|0x0000000743c00000, 0x0000000743e00000, 0x0000000743e00000|100%| E|CS|TAMS 0x0000000743c00000| PB 0x0000000743c00000| Complete 
|  23|0x0000000743e00000, 0x0000000744000000, 0x0000000744000000|100%| E|  |TAMS 0x0000000743e00000| PB 0x0000000743e00000| Complete 
|  24|0x0000000744000000, 0x0000000744200000, 0x0000000744200000|100%| E|CS|TAMS 0x0000000744000000| PB 0x0000000744000000| Complete 
|  25|0x0000000744200000, 0x0000000744400000, 0x0000000744400000|100%| E|CS|TAMS 0x0000000744200000| PB 0x0000000744200000| Complete 
|  26|0x0000000744400000, 0x0000000744600000, 0x0000000744600000|100%| E|CS|TAMS 0x0000000744400000| PB 0x0000000744400000| Complete 
|  27|0x0000000744600000, 0x0000000744800000, 0x0000000744800000|100%| E|CS|TAMS 0x0000000744600000| PB 0x0000000744600000| Complete 
|  75|0x000000074a600000, 0x000000074a800000, 0x000000074a800000|100%| E|CS|TAMS 0x000000074a600000| PB 0x000000074a600000| Complete 
|  76|0x000000074a800000, 0x000000074aa00000, 0x000000074aa00000|100%| E|CS|TAMS 0x000000074a800000| PB 0x000000074a800000| Complete 
|  77|0x000000074aa00000, 0x000000074ac00000, 0x000000074ac00000|100%| E|CS|TAMS 0x000000074aa00000| PB 0x000000074aa00000| Complete 
|  80|0x000000074b000000, 0x000000074b200000, 0x000000074b200000|100%| E|CS|TAMS 0x000000074b000000| PB 0x000000074b000000| Complete 
|  95|0x000000074ce00000, 0x000000074d000000, 0x000000074d000000|100%| E|CS|TAMS 0x000000074ce00000| PB 0x000000074ce00000| Complete 

Card table byte_map: [0x000002037b200000,0x000002037b800000] _byte_map_base: 0x00000203777f8000

Marking Bits: (CMBitMap*) 0x000002036f803080
 Bits: [0x000002037b800000, 0x000002037e7c0000)

Polling page: 0x000002036d690000

Metaspace:

Usage:
  Non-class:     56.86 MB used.
      Class:      9.12 MB used.
       Both:     65.98 MB used.

Virtual space:
  Non-class space:       64.00 MB reserved,      57.25 MB ( 89%) committed,  1 nodes.
      Class space:        1.00 GB reserved,       9.50 MB ( <1%) committed,  1 nodes.
             Both:        1.06 GB reserved,      66.75 MB (  6%) committed. 

Chunk freelists:
   Non-Class:  6.56 MB
       Class:  6.42 MB
        Both:  12.98 MB

MaxMetaspaceSize: unlimited
CompressedClassSpaceSize: 1.00 GB
Initial GC threshold: 21.00 MB
Current GC threshold: 99.00 MB
CDS: on
 - commit_granule_bytes: 65536.
 - commit_granule_words: 8192.
 - virtual_space_node_default_size: 8388608.
 - enlarge_chunks_in_place: 1.
 - use_allocation_guard: 0.


Internal statistics:

num_allocs_failed_limit: 12.
num_arena_births: 1086.
num_arena_deaths: 0.
num_vsnodes_births: 2.
num_vsnodes_deaths: 0.
num_space_committed: 1068.
num_space_uncommitted: 0.
num_chunks_returned_to_freelist: 12.
num_chunks_taken_from_freelist: 3399.
num_chunk_merges: 9.
num_chunk_splits: 2397.
num_chunks_enlarged: 1802.
num_inconsistent_stats: 0.

CodeCache: size=49152Kb used=11946Kb max_used=12712Kb free=37205Kb
 bounds [0x0000020377c00000, 0x0000020378870000, 0x000002037ac00000]
 total_blobs=7108 nmethods=6355 adapters=677
 compilation: enabled
              stopped_count=0, restarted_count=0
 full_count=0

Compilation events (20 events):
Event: 77.719 Thread 0x000002037eb5ea30 6421       1       java.util.concurrent.locks.AbstractQueuedSynchronizer$ConditionNode::isReleasable (23 bytes)
Event: 77.719 Thread 0x000002037eb5ea30 nmethod 6421 0x0000020377f46190 code [0x0000020377f46320, 0x0000020377f46428]
Event: 77.956 Thread 0x000002037eb5ea30 6422   !   1       java.util.AbstractSet::equals (45 bytes)
Event: 77.956 Thread 0x000002037eb5ea30 nmethod 6422 0x0000020377f45b90 code [0x0000020377f45d80, 0x0000020377f460a0]
Event: 79.002 Thread 0x000002037eb5ea30 6423       1       org.springframework.boot.devtools.filewatch.DirectorySnapshot::filter (72 bytes)
Event: 79.004 Thread 0x000002037eb5ea30 nmethod 6423 0x0000020377f45290 code [0x0000020377f454c0, 0x0000020377f45918]
Event: 79.730 Thread 0x000002037eb5ea30 6424       1       java.util.concurrent.locks.AbstractQueuedSynchronizer$Node::clearStatus (12 bytes)
Event: 79.731 Thread 0x000002037eb5ea30 nmethod 6424 0x0000020377f44f90 code [0x0000020377f45120, 0x0000020377f45200]
Event: 79.731 Thread 0x000002037eb5ea30 6425       1       jdk.internal.misc.Unsafe::putIntOpaque (9 bytes)
Event: 79.731 Thread 0x000002037eb5ea30 nmethod 6425 0x0000020377f44c90 code [0x0000020377f44e20, 0x0000020377f44ef0]
Event: 85.913 Thread 0x000002037eb5ea30 6426   !   1       java.util.concurrent.locks.AbstractQueuedSynchronizer$ConditionObject::newConditionNode (78 bytes)
Event: 85.914 Thread 0x000002037eb5ea30 nmethod 6426 0x0000020377f44490 code [0x0000020377f446a0, 0x0000020377f44a60]
Event: 85.915 Thread 0x000002037eb5ea30 6427   !   1       java.util.concurrent.locks.AbstractQueuedSynchronizer::tryInitializeHead (66 bytes)
Event: 85.915 Thread 0x000002037eb5ea30 nmethod 6427 0x0000020377f43e90 code [0x0000020377f44040, 0x0000020377f44338]
Event: 85.968 Thread 0x000002037eb5ea30 6428       1       java.util.concurrent.locks.AbstractQueuedSynchronizer$ConditionNode::<init> (5 bytes)
Event: 85.968 Thread 0x000002037eb5ea30 nmethod 6428 0x0000020377f43b90 code [0x0000020377f43d20, 0x0000020377f43de8]
Event: 85.968 Thread 0x000002037eb5ea30 6429       1       java.util.concurrent.locks.AbstractQueuedSynchronizer$ConditionObject::enableWait (84 bytes)
Event: 85.969 Thread 0x000002037eb5ea30 nmethod 6429 0x0000020377f43310 code [0x0000020377f43500, 0x0000020377f43968]
Event: 85.969 Thread 0x000002037eb5ea30 6430       1       java.util.concurrent.locks.AbstractQueuedSynchronizer$Node::setStatusRelaxed (12 bytes)
Event: 85.969 Thread 0x000002037eb5ea30 nmethod 6430 0x0000020377f43010 code [0x0000020377f431a0, 0x0000020377f43278]

GC Heap History (20 events):
Event: 3.726 GC heap before
{Heap before GC invocations=3 (full 0):
 garbage-first heap   total 196608K, used 36168K [0x0000000741000000, 0x0000000800000000)
  region size 2048K, 17 young (34816K), 2 survivors (4096K)
 Metaspace       used 21151K, committed 21504K, reserved 1114112K
  class space    used 2707K, committed 2880K, reserved 1048576K
}
Event: 3.739 GC heap after
{Heap after GC invocations=4 (full 0):
 garbage-first heap   total 196608K, used 12358K [0x0000000741000000, 0x0000000800000000)
  region size 2048K, 4 young (8192K), 4 survivors (8192K)
 Metaspace       used 21151K, committed 21504K, reserved 1114112K
  class space    used 2707K, committed 2880K, reserved 1048576K
}
Event: 4.592 GC heap before
{Heap before GC invocations=5 (full 0):
 garbage-first heap   total 55296K, used 36934K [0x0000000741000000, 0x0000000800000000)
  region size 2048K, 16 young (32768K), 4 survivors (8192K)
 Metaspace       used 23279K, committed 23680K, reserved 1114112K
  class space    used 3016K, committed 3200K, reserved 1048576K
}
Event: 4.607 GC heap after
{Heap after GC invocations=6 (full 0):
 garbage-first heap   total 55296K, used 14281K [0x0000000741000000, 0x0000000800000000)
  region size 2048K, 2 young (4096K), 2 survivors (4096K)
 Metaspace       used 23279K, committed 23680K, reserved 1114112K
  class space    used 3016K, committed 3200K, reserved 1048576K
}
Event: 5.653 GC heap before
{Heap before GC invocations=6 (full 0):
 garbage-first heap   total 55296K, used 40905K [0x0000000741000000, 0x0000000800000000)
  region size 2048K, 15 young (30720K), 2 survivors (4096K)
 Metaspace       used 27250K, committed 27776K, reserved 1114112K
  class space    used 3639K, committed 3904K, reserved 1048576K
}
Event: 5.666 GC heap after
{Heap after GC invocations=7 (full 0):
 garbage-first heap   total 55296K, used 16297K [0x0000000741000000, 0x0000000800000000)
  region size 2048K, 2 young (4096K), 2 survivors (4096K)
 Metaspace       used 27250K, committed 27776K, reserved 1114112K
  class space    used 3639K, committed 3904K, reserved 1048576K
}
Event: 6.537 GC heap before
{Heap before GC invocations=7 (full 0):
 garbage-first heap   total 55296K, used 42921K [0x0000000741000000, 0x0000000800000000)
  region size 2048K, 15 young (30720K), 2 survivors (4096K)
 Metaspace       used 30973K, committed 31488K, reserved 1114112K
  class space    used 4146K, committed 4352K, reserved 1048576K
}
Event: 6.550 GC heap after
{Heap after GC invocations=8 (full 0):
 garbage-first heap   total 67584K, used 18801K [0x0000000741000000, 0x0000000800000000)
  region size 2048K, 2 young (4096K), 2 survivors (4096K)
 Metaspace       used 30973K, committed 31488K, reserved 1114112K
  class space    used 4146K, committed 4352K, reserved 1048576K
}
Event: 7.149 GC heap before
{Heap before GC invocations=8 (full 0):
 garbage-first heap   total 67584K, used 33137K [0x0000000741000000, 0x0000000800000000)
  region size 2048K, 10 young (20480K), 2 survivors (4096K)
 Metaspace       used 35414K, committed 35968K, reserved 1114112K
  class space    used 4787K, committed 5056K, reserved 1048576K
}
Event: 7.157 GC heap after
{Heap after GC invocations=9 (full 0):
 garbage-first heap   total 67584K, used 19696K [0x0000000741000000, 0x0000000800000000)
  region size 2048K, 2 young (4096K), 2 survivors (4096K)
 Metaspace       used 35414K, committed 35968K, reserved 1114112K
  class space    used 4787K, committed 5056K, reserved 1048576K
}
Event: 8.670 GC heap before
{Heap before GC invocations=10 (full 0):
 garbage-first heap   total 67584K, used 52464K [0x0000000741000000, 0x0000000800000000)
  region size 2048K, 18 young (36864K), 2 survivors (4096K)
 Metaspace       used 46564K, committed 47168K, reserved 1114112K
  class space    used 6267K, committed 6528K, reserved 1048576K
}
Event: 8.681 GC heap after
{Heap after GC invocations=11 (full 0):
 garbage-first heap   total 67584K, used 22813K [0x0000000741000000, 0x0000000800000000)
  region size 2048K, 3 young (6144K), 3 survivors (6144K)
 Metaspace       used 46564K, committed 47168K, reserved 1114112K
  class space    used 6267K, committed 6528K, reserved 1048576K
}
Event: 9.900 GC heap before
{Heap before GC invocations=11 (full 0):
 garbage-first heap   total 67584K, used 53533K [0x0000000741000000, 0x0000000800000000)
  region size 2048K, 18 young (36864K), 3 survivors (6144K)
 Metaspace       used 55256K, committed 55872K, reserved 1114112K
  class space    used 7620K, committed 7872K, reserved 1048576K
}
Event: 9.917 GC heap after
{Heap after GC invocations=12 (full 0):
 garbage-first heap   total 67584K, used 24304K [0x0000000741000000, 0x0000000800000000)
  region size 2048K, 3 young (6144K), 3 survivors (6144K)
 Metaspace       used 55256K, committed 55872K, reserved 1114112K
  class space    used 7620K, committed 7872K, reserved 1048576K
}
Event: 11.153 GC heap before
{Heap before GC invocations=12 (full 0):
 garbage-first heap   total 67584K, used 48880K [0x0000000741000000, 0x0000000800000000)
  region size 2048K, 16 young (32768K), 3 survivors (6144K)
 Metaspace       used 60034K, committed 60736K, reserved 1114112K
  class space    used 8333K, committed 8640K, reserved 1048576K
}
Event: 11.167 GC heap after
{Heap after GC invocations=13 (full 0):
 garbage-first heap   total 67584K, used 26220K [0x0000000741000000, 0x0000000800000000)
  region size 2048K, 2 young (4096K), 2 survivors (4096K)
 Metaspace       used 60034K, committed 60736K, reserved 1114112K
  class space    used 8333K, committed 8640K, reserved 1048576K
}
Event: 12.241 GC heap before
{Heap before GC invocations=14 (full 0):
 garbage-first heap   total 67584K, used 56940K [0x0000000741000000, 0x0000000800000000)
  region size 2048K, 17 young (34816K), 2 survivors (4096K)
 Metaspace       used 63550K, committed 64256K, reserved 1114112K
  class space    used 8840K, committed 9152K, reserved 1048576K
}
Event: 12.255 GC heap after
{Heap after GC invocations=15 (full 0):
 garbage-first heap   total 67584K, used 29284K [0x0000000741000000, 0x0000000800000000)
  region size 2048K, 3 young (6144K), 3 survivors (6144K)
 Metaspace       used 63550K, committed 64256K, reserved 1114112K
  class space    used 8840K, committed 9152K, reserved 1048576K
}
Event: 12.426 GC heap before
{Heap before GC invocations=15 (full 0):
 garbage-first heap   total 67584K, used 53860K [0x0000000741000000, 0x0000000800000000)
  region size 2048K, 15 young (30720K), 3 survivors (6144K)
 Metaspace       used 63699K, committed 64384K, reserved 1114112K
  class space    used 8851K, committed 9152K, reserved 1048576K
}
Event: 12.441 GC heap after
{Heap after GC invocations=16 (full 0):
 garbage-first heap   total 67584K, used 29632K [0x0000000741000000, 0x0000000800000000)
  region size 2048K, 1 young (2048K), 1 survivors (2048K)
 Metaspace       used 63699K, committed 64384K, reserved 1114112K
  class space    used 8851K, committed 9152K, reserved 1048576K
}

Dll operation events (12 events):
Event: 0.071 Loaded shared library C:\Program Files\Java\jdk-21\bin\java.dll
Event: 0.883 Loaded shared library C:\Program Files\Java\jdk-21\bin\zip.dll
Event: 0.896 Loaded shared library C:\Program Files\Java\jdk-21\bin\instrument.dll
Event: 0.910 Loaded shared library C:\Program Files\Java\jdk-21\bin\net.dll
Event: 0.913 Loaded shared library C:\Program Files\Java\jdk-21\bin\nio.dll
Event: 0.919 Loaded shared library C:\Program Files\Java\jdk-21\bin\zip.dll
Event: 1.199 Loaded shared library C:\Program Files\Java\jdk-21\bin\jimage.dll
Event: 1.313 Loaded shared library C:\Program Files\Java\jdk-21\bin\management.dll
Event: 1.330 Loaded shared library C:\Program Files\Java\jdk-21\bin\management_ext.dll
Event: 1.720 Loaded shared library C:\Program Files\Java\jdk-21\bin\extnet.dll
Event: 3.620 Loaded shared library C:\Program Files\Java\jdk-21\bin\sunmscapi.dll
Event: 7.115 Loaded shared library C:\Program Files\Java\jdk-21\bin\verify.dll

Deoptimization events (20 events):
Event: 25.520 Thread 0x0000020348d99ad0 DEOPT PACKING pc=0x000002037807ee2c sp=0x000000a3287fd4c0
Event: 25.520 Thread 0x0000020348d99ad0 DEOPT UNPACKING pc=0x0000020377c54e42 sp=0x000000a3287fc978 mode 1
Event: 25.521 Thread 0x0000020348d99ad0 DEOPT PACKING pc=0x0000020378080f59 sp=0x000000a3287fd4f0
Event: 25.521 Thread 0x0000020348d99ad0 DEOPT UNPACKING pc=0x0000020377c54e42 sp=0x000000a3287fc948 mode 1
Event: 25.521 Thread 0x0000020348d99ad0 DEOPT PACKING pc=0x000002037807ee2c sp=0x000000a3287fd580
Event: 25.521 Thread 0x0000020348d99ad0 DEOPT UNPACKING pc=0x0000020377c54e42 sp=0x000000a3287fca38 mode 1
Event: 25.522 Thread 0x0000020348d99ad0 DEOPT PACKING pc=0x0000020378080f59 sp=0x000000a3287fd5c0
Event: 25.522 Thread 0x0000020348d99ad0 DEOPT UNPACKING pc=0x0000020377c54e42 sp=0x000000a3287fca18 mode 1
Event: 25.522 Thread 0x0000020348d99ad0 DEOPT PACKING pc=0x000002037807ee2c sp=0x000000a3287fd650
Event: 25.522 Thread 0x0000020348d99ad0 DEOPT UNPACKING pc=0x0000020377c54e42 sp=0x000000a3287fcb08 mode 1
Event: 25.541 Thread 0x0000020348d99ad0 DEOPT PACKING pc=0x0000020378080f59 sp=0x000000a3287fc4b0
Event: 25.541 Thread 0x0000020348d99ad0 DEOPT UNPACKING pc=0x0000020377c54e42 sp=0x000000a3287fb908 mode 1
Event: 25.541 Thread 0x0000020348d99ad0 DEOPT PACKING pc=0x000002037807ee2c sp=0x000000a3287fc540
Event: 25.541 Thread 0x0000020348d99ad0 DEOPT UNPACKING pc=0x0000020377c54e42 sp=0x000000a3287fb9e8 mode 1
Event: 25.541 Thread 0x0000020348d99ad0 DEOPT PACKING pc=0x000002037803b914 sp=0x000000a3287fcf90
Event: 25.541 Thread 0x0000020348d99ad0 DEOPT UNPACKING pc=0x0000020377c54e42 sp=0x000000a3287fc458 mode 1
Event: 25.541 Thread 0x0000020348d99ad0 DEOPT PACKING pc=0x00000203782b29ec sp=0x000000a3287fd020
Event: 25.541 Thread 0x0000020348d99ad0 DEOPT UNPACKING pc=0x0000020377c54e42 sp=0x000000a3287fc640 mode 1
Event: 86.134 Thread 0x0000020348d99ad0 DEOPT PACKING pc=0x00000203787192b4 sp=0x000000a3287fd210
Event: 86.134 Thread 0x0000020348d99ad0 DEOPT UNPACKING pc=0x0000020377c54e42 sp=0x000000a3287fc6b8 mode 0

Classes loaded (20 events):
Event: 26.814 Loading class sun/net/www/http/KeepAliveStreamCleaner$2
Event: 26.814 Loading class sun/net/www/http/KeepAliveStreamCleaner$2 done
Event: 26.814 Loading class sun/net/www/protocol/http/HttpURLConnection$HttpInputStream
Event: 26.815 Loading class sun/net/www/protocol/http/HttpURLConnection$HttpInputStream done
Event: 26.822 Loading class java/io/PushbackInputStream
Event: 26.822 Loading class java/io/PushbackInputStream done
Event: 26.824 Loading class sun/net/www/http/KeepAliveCache$1
Event: 26.824 Loading class sun/net/www/http/KeepAliveCache$1 done
Event: 26.827 Loading class sun/net/www/http/KeepAliveCache$ClientVector
Event: 26.828 Loading class sun/net/www/http/KeepAliveCache$ClientVector done
Event: 26.829 Loading class sun/net/www/http/KeepAliveEntry
Event: 26.829 Loading class sun/net/www/http/KeepAliveEntry done
Event: 26.835 Loading class java/io/OutputStream$1
Event: 26.835 Loading class java/io/OutputStream$1 done
Event: 31.834 Loading class sun/security/ssl/Alert
Event: 31.835 Loading class sun/security/ssl/Alert done
Event: 31.836 Loading class sun/security/ssl/Alert$AlertConsumer
Event: 31.836 Loading class sun/security/ssl/Alert$AlertConsumer done
Event: 31.836 Loading class sun/security/ssl/Alert$Level
Event: 31.837 Loading class sun/security/ssl/Alert$Level done

Classes unloaded (0 events):
No events

Classes redefined (1 events):
Event: 86.195 Thread 0x000002037eb324b0 redefined class name=com.gastonfernandez.controllers.CurrencyController, count=1

Internal exceptions (20 events):
Event: 10.256 Thread 0x000002037fc33f70 Exception <a 'java/lang/NoSuchMethodError'{0x00000007446462f0}: 'java.lang.Object java.lang.invoke.DirectMethodHandle$Holder.invokeSpecial(java.lang.Object, java.lang.Object, java.lang.Object, java.lang.Object, java.lang.Object, java.lang.Object, java.lang.Object, java.lang.Object, int)'> (0x00000007446462f0) 
thrown [s\open\src\hotspot\share\interpreter\linkResolver.cpp, line 773]
Event: 10.257 Thread 0x000002037fc33f70 Exception <a 'java/lang/NoSuchMethodError'{0x000000074464a308}: 'java.lang.Object java.lang.invoke.Invokers$Holder.linkToTargetMethod(java.lang.Object, java.lang.Object, java.lang.Object, java.lang.Object, java.lang.Object, java.lang.Object, int, java.lang.Object)'> (0x000000074464a308) 
thrown [s\open\src\hotspot\share\interpreter\linkResolver.cpp, line 773]
Event: 10.288 Thread 0x000002037fc33f70 Exception <a 'java/lang/NoSuchMethodError'{0x00000007446ff7a0}: 'void java.lang.invoke.DirectMethodHandle$Holder.invokeInterface(java.lang.Object, java.lang.Object)'> (0x00000007446ff7a0) 
thrown [s\open\src\hotspot\share\interpreter\linkResolver.cpp, line 773]
Event: 10.494 Thread 0x000002037fc33f70 Exception <a 'java/lang/NoSuchMethodError'{0x0000000744300030}: 'java.lang.Object java.lang.invoke.DirectMethodHandle$Holder.invokeSpecial(java.lang.Object, java.lang.Object, int, java.lang.Object, int)'> (0x0000000744300030) 
thrown [s\open\src\hotspot\share\interpreter\linkResolver.cpp, line 773]
Event: 10.585 Thread 0x000002037fc33f70 Exception <a 'java/lang/NoSuchMethodError'{0x00000007443e62e0}: 'void java.lang.invoke.Invokers$Holder.invokeExact_MT(java.lang.Object, java.lang.Object, java.lang.Object, java.lang.Object)'> (0x00000007443e62e0) 
thrown [s\open\src\hotspot\share\interpreter\linkResolver.cpp, line 773]
Event: 10.705 Thread 0x000002037fc33f70 Exception <a 'java/lang/IncompatibleClassChangeError'{0x000000074418f560}: Found class java.lang.Object, but interface was expected> (0x000000074418f560) 
thrown [s\open\src\hotspot\share\interpreter\linkResolver.cpp, line 840]
Event: 10.817 Thread 0x000002037fc33f70 Exception <a 'java/lang/NoSuchMethodError'{0x0000000743ff23f8}: 'java.lang.Object java.lang.invoke.DirectMethodHandle$Holder.newInvokeSpecial(java.lang.Object, java.lang.Object, java.lang.Object, java.lang.Object, java.lang.Object, java.lang.Object, java.lang.Object, java.lang.Object)'> (0x0000000743ff23f8) 
thrown [s\open\src\hotspot\share\interpreter\linkResolver.cpp, line 773]
Event: 11.422 Thread 0x000002037fc33f70 Exception <a 'java/lang/IncompatibleClassChangeError'{0x000000074ab263e8}: Found class java.lang.Object, but interface was expected> (0x000000074ab263e8) 
thrown [s\open\src\hotspot\share\interpreter\linkResolver.cpp, line 840]
Event: 11.491 Thread 0x000002037fc33f70 Exception <a 'java/lang/NoSuchMethodError'{0x000000074a929b08}: 'void java.lang.invoke.DirectMethodHandle$Holder.invokeVirtual(java.lang.Object, java.lang.Object, long)'> (0x000000074a929b08) 
thrown [s\open\src\hotspot\share\interpreter\linkResolver.cpp, line 773]
Event: 11.736 Thread 0x000002037fc33f70 Exception <a 'java/lang/NoSuchMethodError'{0x0000000744674df0}: 'int java.lang.invoke.DirectMethodHandle$Holder.invokeStaticInit(java.lang.Object, java.lang.Object, java.lang.Object, java.lang.Object)'> (0x0000000744674df0) 
thrown [s\open\src\hotspot\share\interpreter\linkResolver.cpp, line 773]
Event: 11.798 Thread 0x000002037fc33f70 Exception <a 'java/lang/IncompatibleClassChangeError'{0x0000000744446978}: Found class java.lang.Object, but interface was expected> (0x0000000744446978) 
thrown [s\open\src\hotspot\share\interpreter\linkResolver.cpp, line 840]
Event: 11.897 Thread 0x000002037fc33f70 Exception <a 'java/lang/IncompatibleClassChangeError'{0x0000000744031ec0}: Found class java.lang.Object, but interface was expected> (0x0000000744031ec0) 
thrown [s\open\src\hotspot\share\interpreter\linkResolver.cpp, line 840]
Event: 11.938 Thread 0x000002037fc33f70 Exception <a 'java/lang/IncompatibleClassChangeError'{0x0000000744180758}: Found class java.lang.Object, but interface was expected> (0x0000000744180758) 
thrown [s\open\src\hotspot\share\interpreter\linkResolver.cpp, line 840]
Event: 12.162 Thread 0x000002037fc33f70 Exception <a 'java/lang/IncompatibleClassChangeError'{0x00000007438526a8}: Found class java.lang.Object, but interface was expected> (0x00000007438526a8) 
thrown [s\open\src\hotspot\share\interpreter\linkResolver.cpp, line 840]
Event: 12.628 Thread 0x000002037fc33f70 Exception <a 'java/lang/NoSuchMethodError'{0x000000074ab18c60}: 'java.lang.Object java.lang.invoke.DirectMethodHandle$Holder.newInvokeSpecial(java.lang.Object, java.lang.Object, int, java.lang.Object, java.lang.Object)'> (0x000000074ab18c60) 
thrown [s\open\src\hotspot\share\interpreter\linkResolver.cpp, line 773]
Event: 12.630 Thread 0x000002037fc33f70 Exception <a 'java/lang/NoSuchMethodError'{0x000000074ab23730}: 'java.lang.Object java.lang.invoke.DirectMethodHandle$Holder.invokeSpecial(java.lang.Object, java.lang.Object, int, java.lang.Object, int, java.lang.Object)'> (0x000000074ab23730) 
thrown [s\open\src\hotspot\share\interpreter\linkResolver.cpp, line 773]
Event: 12.631 Thread 0x000002037fc33f70 Exception <a 'java/lang/NoSuchMethodError'{0x000000074ab2ab00}: 'java.lang.Object java.lang.invoke.DirectMethodHandle$Holder.newInvokeSpecial(java.lang.Object, java.lang.Object, int, java.lang.Object, int)'> (0x000000074ab2ab00) 
thrown [s\open\src\hotspot\share\interpreter\linkResolver.cpp, line 773]
Event: 12.631 Thread 0x000002037fc33f70 Exception <a 'java/lang/NoSuchMethodError'{0x000000074ab2e988}: 'java.lang.Object java.lang.invoke.DirectMethodHandle$Holder.invokeSpecial(java.lang.Object, java.lang.Object, java.lang.Object, int, java.lang.Object, int)'> (0x000000074ab2e988) 
thrown [s\open\src\hotspot\share\interpreter\linkResolver.cpp, line 773]
Event: 25.478 Thread 0x0000020348d99ad0 Exception <a 'java/lang/NoSuchMethodError'{0x000000074a793c60}: 'java.lang.Object java.lang.invoke.DirectMethodHandle$Holder.invokeSpecial(java.lang.Object, java.lang.Object, java.lang.Object, java.lang.Object, java.lang.Object, long)'> (0x000000074a793c60) 
thrown [s\open\src\hotspot\share\interpreter\linkResolver.cpp, line 773]
Event: 25.478 Thread 0x0000020348d99ad0 Exception <a 'java/lang/NoSuchMethodError'{0x000000074a797478}: 'java.lang.Object java.lang.invoke.Invokers$Holder.linkToTargetMethod(java.lang.Object, java.lang.Object, java.lang.Object, long, java.lang.Object)'> (0x000000074a797478) 
thrown [s\open\src\hotspot\share\interpreter\linkResolver.cpp, line 773]

ZGC Phase Switch (0 events):
No events

VM Operations (20 events):
Event: 72.668 Executing VM operation: get/set locals
Event: 72.668 Executing VM operation: get/set locals done
Event: 72.746 Executing VM operation: get/set locals
Event: 72.746 Executing VM operation: get/set locals done
Event: 72.747 Executing VM operation: get/set locals
Event: 72.747 Executing VM operation: get/set locals done
Event: 72.748 Executing VM operation: get/set locals
Event: 72.749 Executing VM operation: get/set locals done
Event: 79.805 Executing VM operation: Cleanup
Event: 79.805 Executing VM operation: Cleanup done
Event: 86.133 Executing VM operation: ChangeSingleStep
Event: 86.133 Executing VM operation: ChangeSingleStep done
Event: 86.134 Executing VM operation: ChangeSingleStep
Event: 86.134 Executing VM operation: ChangeSingleStep done
Event: 86.176 Executing VM operation: RedefineClasses
Event: 86.240 Executing VM operation: RedefineClasses done
Event: 86.321 Executing VM operation: ChangeBreakpoints
Event: 86.325 Executing VM operation: ChangeBreakpoints done
Event: 86.333 Executing VM operation: ChangeSingleStep
Event: 86.333 Executing VM operation: ChangeSingleStep done

Events (20 events):
Event: 12.652 Thread 0x0000020348d9bba0 Thread added: 0x0000020348d9bba0
Event: 12.653 Thread 0x0000020348d9a7f0 Thread added: 0x0000020348d9a7f0
Event: 12.654 Thread 0x0000020348d9ae80 Thread added: 0x0000020348d9ae80
Event: 12.655 Thread 0x000002034929ad90 Thread added: 0x000002034929ad90
Event: 12.656 Thread 0x00000203492a0970 Thread added: 0x00000203492a0970
Event: 12.702 Thread 0x000002034929c7d0 Thread added: 0x000002034929c7d0
Event: 12.707 Thread 0x000002034929e8a0 Thread added: 0x000002034929e8a0
Event: 12.783 Thread 0x000002037fc33f70 Thread exited: 0x000002037fc33f70
Event: 12.787 Thread 0x000002037fc2a890 Thread exited: 0x000002037fc2a890
Event: 12.796 Thread 0x000002036f7af170 Thread exited: 0x000002036f7af170
Event: 12.796 Thread 0x000002034929b420 Thread added: 0x000002034929b420
Event: 13.603 Thread 0x000002037f6cffc0 Thread exited: 0x000002037f6cffc0
Event: 13.775 Thread 0x000002037fc36d60 Thread exited: 0x000002037fc36d60
Event: 15.258 Thread 0x000002037ed11730 Thread exited: 0x000002037ed11730
Event: 25.652 Thread 0x00000203473d5ad0 Thread added: 0x00000203473d5ad0
Event: 26.618 Thread 0x000002034929bab0 Thread added: 0x000002034929bab0
Event: 26.620 Thread 0x000002034929bab0 Thread exited: 0x000002034929bab0
Event: 26.826 Thread 0x000002034929a700 Thread added: 0x000002034929a700
Event: 36.839 Thread 0x000002034929a700 Thread exited: 0x000002034929a700
Event: 40.716 Thread 0x00000203473d5ad0 Thread exited: 0x00000203473d5ad0


Dynamic libraries:
0x00007ff6cbfc0000 - 0x00007ff6cbfd0000 	C:\Program Files\Java\jdk-21\bin\javaw.exe
0x00007ffbc5e30000 - 0x00007ffbc6028000 	C:\WINDOWS\SYSTEM32\ntdll.dll
0x00007ffbbd6c0000 - 0x00007ffbbd6d9000 	C:\Program Files\Avast Software\Avast\aswhook.dll
0x00007ffbc3eb0000 - 0x00007ffbc3f6d000 	C:\WINDOWS\System32\KERNEL32.DLL
0x00007ffbc3930000 - 0x00007ffbc3c26000 	C:\WINDOWS\System32\KERNELBASE.dll
0x00007ffbc3830000 - 0x00007ffbc3930000 	C:\WINDOWS\System32\ucrtbase.dll
0x00007ffb9d270000 - 0x00007ffb9d289000 	C:\Program Files\Java\jdk-21\bin\jli.dll
0x00007ffb9d250000 - 0x00007ffb9d26b000 	C:\Program Files\Java\jdk-21\bin\VCRUNTIME140.dll
0x00007ffbc4410000 - 0x00007ffbc44c3000 	C:\WINDOWS\System32\ADVAPI32.dll
0x00007ffbc5c20000 - 0x00007ffbc5cbe000 	C:\WINDOWS\System32\msvcrt.dll
0x00007ffbc5b70000 - 0x00007ffbc5c0f000 	C:\WINDOWS\System32\sechost.dll
0x00007ffbc42d0000 - 0x00007ffbc43f6000 	C:\WINDOWS\System32\RPCRT4.dll
0x00007ffbc3e50000 - 0x00007ffbc3e77000 	C:\WINDOWS\System32\bcrypt.dll
0x00007ffbc58b0000 - 0x00007ffbc5a4e000 	C:\WINDOWS\System32\USER32.dll
0x00007ffbc3760000 - 0x00007ffbc3782000 	C:\WINDOWS\System32\win32u.dll
0x00007ffbb1dc0000 - 0x00007ffbb205a000 	C:\WINDOWS\WinSxS\amd64_microsoft.windows.common-controls_6595b64144ccf1df_6.0.19041.3636_none_60b6a03d71f818d5\COMCTL32.dll
0x00007ffbc4a90000 - 0x00007ffbc4abc000 	C:\WINDOWS\System32\GDI32.dll
0x00007ffbc3500000 - 0x00007ffbc361a000 	C:\WINDOWS\System32\gdi32full.dll
0x00007ffbc3790000 - 0x00007ffbc382d000 	C:\WINDOWS\System32\msvcp_win.dll
0x00007ffbb64b0000 - 0x00007ffbb64ba000 	C:\WINDOWS\SYSTEM32\VERSION.dll
0x00007ffbc3e80000 - 0x00007ffbc3eb0000 	C:\WINDOWS\System32\IMM32.DLL
0x00007ffbb20e0000 - 0x00007ffbb20ec000 	C:\Program Files\Java\jdk-21\bin\vcruntime140_1.dll
0x00007ffb9d1c0000 - 0x00007ffb9d24e000 	C:\Program Files\Java\jdk-21\bin\msvcp140.dll
0x00007ffb7e300000 - 0x00007ffb7f015000 	C:\Program Files\Java\jdk-21\bin\server\jvm.dll
0x00007ffbc4ba0000 - 0x00007ffbc4c0b000 	C:\WINDOWS\System32\WS2_32.dll
0x00007ffbc2a10000 - 0x00007ffbc2a5b000 	C:\WINDOWS\SYSTEM32\POWRPROF.dll
0x00007ffb9ff90000 - 0x00007ffb9ffb7000 	C:\WINDOWS\SYSTEM32\WINMM.dll
0x00007ffbc28d0000 - 0x00007ffbc28e2000 	C:\WINDOWS\SYSTEM32\UMPDC.dll
0x00007ffbc1d00000 - 0x00007ffbc1d12000 	C:\WINDOWS\SYSTEM32\kernel.appcore.dll
0x00007ffbb13e0000 - 0x00007ffbb13ea000 	C:\Program Files\Java\jdk-21\bin\jimage.dll
0x00007ffbb5640000 - 0x00007ffbb5824000 	C:\WINDOWS\SYSTEM32\DBGHELP.DLL
0x00007ffbb5600000 - 0x00007ffbb5634000 	C:\WINDOWS\SYSTEM32\dbgcore.DLL
0x00007ffbc3620000 - 0x00007ffbc36a2000 	C:\WINDOWS\System32\bcryptPrimitives.dll
0x00007ffbadde0000 - 0x00007ffbade1c000 	C:\Program Files\Java\jdk-21\bin\jdwp.dll
0x00007ffbafb20000 - 0x00007ffbafb2f000 	C:\Program Files\Java\jdk-21\bin\instrument.dll
0x00007ffb7e2e0000 - 0x00007ffb7e2ff000 	C:\Program Files\Java\jdk-21\bin\java.dll
0x00007ffbc5140000 - 0x00007ffbc5885000 	C:\WINDOWS\System32\SHELL32.dll
0x00007ffbc0fc0000 - 0x00007ffbc175b000 	C:\WINDOWS\SYSTEM32\windows.storage.dll
0x00007ffbc3f70000 - 0x00007ffbc42c4000 	C:\WINDOWS\System32\combase.dll
0x00007ffbc2e50000 - 0x00007ffbc2e7d000 	C:\WINDOWS\SYSTEM32\Wldp.dll
0x00007ffbc4e30000 - 0x00007ffbc4edd000 	C:\WINDOWS\System32\SHCORE.dll
0x00007ffbc44d0000 - 0x00007ffbc4525000 	C:\WINDOWS\System32\shlwapi.dll
0x00007ffbc3430000 - 0x00007ffbc3455000 	C:\WINDOWS\SYSTEM32\profapi.dll
0x00007ffbbb7d0000 - 0x00007ffbbb7dc000 	C:\Program Files\Java\jdk-21\bin\dt_socket.dll
0x00007ffbc28f0000 - 0x00007ffbc292b000 	C:\WINDOWS\SYSTEM32\IPHLPAPI.DLL
0x00007ffbc2c30000 - 0x00007ffbc2c9a000 	C:\WINDOWS\system32\mswsock.dll
0x00007ffbc2940000 - 0x00007ffbc2a0a000 	C:\WINDOWS\SYSTEM32\DNSAPI.dll
0x00007ffbc4400000 - 0x00007ffbc4408000 	C:\WINDOWS\System32\NSI.dll
0x00007ffbbc260000 - 0x00007ffbbc26a000 	C:\Windows\System32\rasadhlp.dll
0x00007ffbb90b0000 - 0x00007ffbb9130000 	C:\WINDOWS\System32\fwpuclnt.dll
0x00007ffb7e1e0000 - 0x00007ffb7e1f8000 	C:\Program Files\Java\jdk-21\bin\zip.dll
0x00007ffbabc90000 - 0x00007ffbabca0000 	C:\Program Files\Java\jdk-21\bin\net.dll
0x00007ffbb93f0000 - 0x00007ffbb94fa000 	C:\WINDOWS\SYSTEM32\WINHTTP.dll
0x00007ffb7e1c0000 - 0x00007ffb7e1d6000 	C:\Program Files\Java\jdk-21\bin\nio.dll
0x00007ffbbd6f0000 - 0x00007ffbbd6fa000 	C:\Program Files\Java\jdk-21\bin\management.dll
0x00007ffbbb790000 - 0x00007ffbbb79b000 	C:\Program Files\Java\jdk-21\bin\management_ext.dll
0x00007ffbc5c10000 - 0x00007ffbc5c18000 	C:\WINDOWS\System32\PSAPI.DLL
0x00007ffba4e50000 - 0x00007ffba4e67000 	C:\WINDOWS\system32\napinsp.dll
0x00007ffba4d00000 - 0x00007ffba4d1b000 	C:\WINDOWS\system32\pnrpnsp.dll
0x00007ffbbdd50000 - 0x00007ffbbdd65000 	C:\WINDOWS\system32\wshbth.dll
0x00007ffbbe830000 - 0x00007ffbbe84d000 	C:\WINDOWS\system32\NLAapi.dll
0x00007ffba49d0000 - 0x00007ffba49e2000 	C:\WINDOWS\System32\winrnr.dll
0x00007ffbc31c0000 - 0x00007ffbc31d8000 	C:\WINDOWS\SYSTEM32\CRYPTSP.dll
0x00007ffbc2510000 - 0x00007ffbc2544000 	C:\WINDOWS\system32\rsaenh.dll
0x00007ffbc33b0000 - 0x00007ffbc33de000 	C:\WINDOWS\SYSTEM32\USERENV.dll
0x00007ffbc2dc0000 - 0x00007ffbc2dcc000 	C:\WINDOWS\SYSTEM32\CRYPTBASE.dll
0x00007ffbba7a0000 - 0x00007ffbba7a7000 	C:\Program Files\Java\jdk-21\bin\extnet.dll
0x00007ffbb61b0000 - 0x00007ffbb61be000 	C:\Program Files\Java\jdk-21\bin\sunmscapi.dll
0x00007ffbc3c30000 - 0x00007ffbc3d8d000 	C:\WINDOWS\System32\CRYPT32.dll
0x00007ffbc2ec0000 - 0x00007ffbc2ee8000 	C:\WINDOWS\SYSTEM32\ncrypt.dll
0x00007ffbc2e80000 - 0x00007ffbc2ebb000 	C:\WINDOWS\SYSTEM32\NTASN1.dll
0x00007ffbaab40000 - 0x00007ffbaab50000 	C:\Program Files\Java\jdk-21\bin\verify.dll
0x00007ffbafcc0000 - 0x00007ffbafcc7000 	C:\WINDOWS\system32\wshunix.dll

dbghelp: loaded successfully - version: 4.0.5 - missing functions: none
symbol engine: initialized successfully - sym options: 0x614 - pdb path: .;C:\Program Files\Java\jdk-21\bin;C:\WINDOWS\SYSTEM32;C:\Program Files\Avast Software\Avast;C:\WINDOWS\WinSxS\amd64_microsoft.windows.common-controls_6595b64144ccf1df_6.0.19041.3636_none_60b6a03d71f818d5;C:\Program Files\Java\jdk-21\bin\server

VM Arguments:
jvm_args: -XX:+ShowCodeDetailsInExceptionMessages -agentlib:jdwp=transport=dt_socket,suspend=y,address=localhost:61634 -Dcom.sun.management.jmxremote -Dcom.sun.management.jmxremote.port=61632 -Dcom.sun.management.jmxremote.authenticate=false -Dcom.sun.management.jmxremote.ssl=false -Djava.rmi.server.hostname=localhost -Dspring.jmx.enabled=true -Dmanagement.endpoints.jmx.exposure.include=* -Dspring.application.admin.enabled=true -XX:TieredStopAtLevel=1 -Dspring.boot.project.name=booksControls -javaagent:C:\Users\Gaston\eclipse\jee-2022-06\eclipse\configuration\org.eclipse.osgi\1302\0\.cp\lib\javaagent-shaded.jar -Dfile.encoding=UTF-8 
java_command: com.gastonfernandez.BooksControlsApplication --spring.output.ansi.enabled=always
java_class_path (initial): E:\Desa\cursos\booksControls\target\classes;C:\Users\Gaston\.m2\repository\org\springframework\boot\spring-boot-starter-data-jpa\3.2.1\spring-boot-starter-data-jpa-3.2.1.jar;C:\Users\Gaston\.m2\repository\org\springframework\boot\spring-boot-starter-aop\3.2.1\spring-boot-starter-aop-3.2.1.jar;C:\Users\Gaston\.m2\repository\org\springframework\spring-aop\6.1.2\spring-aop-6.1.2.jar;C:\Users\Gaston\.m2\repository\org\aspectj\aspectjweaver\1.9.21\aspectjweaver-1.9.21.jar;C:\Users\Gaston\.m2\repository\org\springframework\boot\spring-boot-starter-jdbc\3.2.1\spring-boot-starter-jdbc-3.2.1.jar;C:\Users\Gaston\.m2\repository\com\zaxxer\HikariCP\5.0.1\HikariCP-5.0.1.jar;C:\Users\Gaston\.m2\repository\org\springframework\spring-jdbc\6.1.2\spring-jdbc-6.1.2.jar;C:\Users\Gaston\.m2\repository\org\hibernate\orm\hibernate-core\6.4.1.Final\hibernate-core-6.4.1.Final.jar;C:\Users\Gaston\.m2\repository\jakarta\persistence\jakarta.persistence-api\3.1.0\jakarta.persistence-api-3.1.0.jar;C:\Users\Gaston\.m2\repository\jakarta\transaction\jakarta.transaction-api\2.0.1\jakarta.transaction-api-2.0.1.jar;C:\Users\Gaston\.m2\repository\org\jboss\logging\jboss-logging\3.5.3.Final\jboss-logging-3.5.3.Final.jar;C:\Users\Gaston\.m2\repository\org\hibernate\common\hibernate-commons-annotations\6.0.6.Final\hibernate-commons-annotations-6.0.6.Final.jar;C:\Users\Gaston\.m2\repository\io\smallrye\jandex\3.1.2\jandex-3.1.2.jar;C:\Users\Gaston\.m2\repository\com\fasterxml\classmate\1.6.0\classmate-1.6.0.jar;C:\Users\Gaston\.m2\repository\net\bytebuddy\byte-buddy\1.14.10\byte-buddy-1.14.10.jar;C:\Users\Gaston\.m2\repository\org\glassfish\jaxb\jaxb-runtime\4.0.4\jaxb-runtime-4.0.4.jar;C:\Users\Gaston\.m2\repository\org\glassfish\jaxb\jaxb-core\4.0.4\jaxb-core-4.0.4.jar;C:\Users\Gaston\.m2\repository\org\eclipse\angus\angus-activation\2.0.1\angus-activation-2.0.1.jar;C:\Users\Gaston\.m2\repository\org\glassfish\jaxb\txw2\4.0.4\txw2-4.0.4.jar;C:\Users\Gaston\.m2\repository\com\sun\istack\istack-commons-runtime\4.1.2\istack-commons-runtime-4.1.2.jar;C:\Users\Gaston\.m2\repository\jakarta\inject\jakarta.inject-api\2.0.1\jakarta.inject-api-2.0.1.jar;C:\Users\Gaston\.m2\repository\org\antlr\antlr4-runtime\4.13.0\antlr4-runtime-4.13.0.jar;C:\Users\Gaston\.m2\repository\org\springframework\data\spring-data-jpa\3.2.1\spring-data-jpa-3.2.1.jar;C:\Users\Gaston\.m2\repository\org\springframework\data\spring-data-commons\3.2.1\spring-data-commons-3.2.1.jar;C:\Users\Gaston\.m2\repository\org\springframework\spring-orm\6.1.2\spring-orm-6.1.2.jar;C:\Users\Gaston\.m2\repository\org\springframework\spring-context\6.1.2\spring-context-6.1.2.jar;C:\Users\Gaston\.m2\repository\org\springframework\spring-tx\6.1.2\spring-tx-6.1.2.jar;C:\Users\Gaston\.m2\repository\org\springframework\spring-beans\6.1.2\spring-beans-6.1.2.jar;C:\Users\Gaston\.m2\repository\jakarta\annotation\jakarta.annotation-api\2.1.1\jakarta.annotation-api-2.1.1.jar;C:\Users\Gaston\.m2\repository\org\slf4j\slf4j-api\2.0.9\slf4j-api-2.0.9.jar;C:\Users\Gaston\.m2\repository\org\springframework\spring-aspects\6.1.2\spring-aspects-6.1.2.jar;C:\Users\Gaston\.m2\repository\org\springframework\boot\spring-boot-starter-web\3.2.1\spring-boot-starter-web-3.2.1.jar;C:\Users\Gaston\.m2\repository\org\springframework\boot\spring-boot-starter\3.2.1\spring-boot-starter-3.2.1.jar;C:\Users\Gaston\.m2\repository\org\springframework\boot\spring-boot-starter-logging\3.2.1\spring-boot-starter-logging-3.2.1.jar;C:\Users\Gaston\.m2\repository\ch\qos\logback\logback-classic\1.4.14\logback-classic-1.4.14.jar;C:\Users\Gaston\.m2\repository\ch\qos\logback\logback-core\1.4.14\logback-core-1.4.14.jar;C:\Users\Gaston\.m2\repository\org\apache\logging\log4j\log4j-to-slf4j\2.21.1\log4j-to-slf4j-2.21.1.jar;C:\Users\Gaston\.m2\repository\org\apache\logging\log4j\log4j-api\2.21.1\log4j-api-2.21.1.jar;C:\Users\Gaston\.m2\repository\org\slf4j\jul-to-slf4j\2.0.9\jul-to-slf4j-2.0.9.jar;C:\Users\Gaston\.m2\repository\org\yaml\snakeyaml\2.2\snakeyaml-2.2.jar;C:\Users\Gaston\.m2\repository\org\springframework\boot\spring-boot-starter-json\3.2.1\spring-boot-starter-json-3.2.1.jar;C:\Users\Gaston\.m2\repository\com\fasterxml\jackson\datatype\jackson-datatype-jdk8\2.15.3\jackson-datatype-jdk8-2.15.3.jar;C:\Users\Gaston\.m2\repository\com\fasterxml\jackson\datatype\jackson-datatype-jsr310\2.15.3\jackson-datatype-jsr310-2.15.3.jar;C:\Users\Gaston\.m2\repository\com\fasterxml\jackson\module\jackson-module-parameter-names\2.15.3\jackson-module-parameter-names-2.15.3.jar;C:\Users\Gaston\.m2\repository\org\springframework\boot\spring-boot-starter-tomcat\3.2.1\spring-boot-starter-tomcat-3.2.1.jar;C:\Users\Gaston\.m2\repository\org\apache\tomcat\embed\tomcat-embed-core\10.1.17\tomcat-embed-core-10.1.17.jar;C:\Users\Gaston\.m2\repository\org\apache\tomcat\embed\tomcat-embed-el\10.1.17\tomcat-embed-el-10.1.17.jar;C:\Users\Gaston\.m2\repository\org\apache\tomcat\embed\tomcat-embed-websocket\10.1.17\tomcat-embed-websocket-10.1.17.jar;C:\Users\Gaston\.m2\repository\org\springframework\spring-web\6.1.2\spring-web-6.1.2.jar;C:\Users\Gaston\.m2\repository\io\micrometer\micrometer-observation\1.12.1\micrometer-observation-1.12.1.jar;C:\Users\Gaston\.m2\repository\io\micrometer\micrometer-commons\1.12.1\micrometer-commons-1.12.1.jar;C:\Users\Gaston\.m2\repository\org\springframework\spring-webmvc\6.1.2\spring-webmvc-6.1.2.jar;C:\Users\Gaston\.m2\repository\org\springframework\spring-expression\6.1.2\spring-expression-6.1.2.jar;C:\Users\Gaston\.m2\repository\org\springframework\boot\spring-boot-devtools\3.2.1\spring-boot-devtools-3.2.1.jar;C:\Users\Gaston\.m2\repository\org\springframework\boot\spring-boot\3.2.1\spring-boot-3.2.1.jar;C:\Users\Gaston\.m2\repository\org\springframework\boot\spring-boot-autoconfigure\3.2.1\spring-boot-autoconfigure-3.2.1.jar;C:\Users\Gaston\.m2\repository\com\mysql\mysql-connector-j\8.1.0\mysql-connector-j-8.1.0.jar;C:\Users\Gaston\.m2\repository\com\fasterxml\jackson\core\jackson-databind\2.15.3\jackson-databind-2.15.3.jar;C:\Users\Gaston\.m2\repository\com\fasterxml\jackson\core\jackson-annotations\2.15.3\jackson-annotations-2.15.3.jar;C:\Users\Gaston\.m2\repository\com\fasterxml\jackson\core\jackson-core\2.15.3\jackson-core-2.15.3.jar;C:\Users\Gaston\.m2\repository\org\projectlombok\lombok\1.18.30\lombok-1.18.30.jar;C:\Users\Gaston\.m2\repository\jakarta\xml\bind\jakarta.xml.bind-api\4.0.1\jakarta.xml.bind-api-4.0.1.jar;C:\Users\Gaston\.m2\repository\jakarta\activation\jakarta.activation-api\2.1.2\jakarta.activation-api-2.1.2.jar;C:\Users\Gaston\.m2\repository\org\springframework\spring-core\6.1.2\spring-core-6.1.2.jar;C:\Users\Gaston\.m2\repository\org\springframework\spring-jcl\6.1.2\spring-jcl-6.1.2.jar
Launcher Type: SUN_STANDARD

[Global flags]
     intx CICompilerCount                          = 3                                         {product} {ergonomic}
     uint ConcGCThreads                            = 1                                         {product} {ergonomic}
     uint G1ConcRefinementThreads                  = 4                                         {product} {ergonomic}
   size_t G1HeapRegionSize                         = 2097152                                   {product} {ergonomic}
    uintx GCDrainStackTargetSize                   = 64                                        {product} {ergonomic}
   size_t InitialHeapSize                          = 201326592                                 {product} {ergonomic}
     bool ManagementServer                         = true                                      {product} {command line}
   size_t MarkStackSize                            = 4194304                                   {product} {ergonomic}
   size_t MaxHeapSize                              = 3204448256                                {product} {ergonomic}
   size_t MaxNewSize                               = 1920991232                                {product} {ergonomic}
   size_t MinHeapDeltaBytes                        = 2097152                                   {product} {ergonomic}
   size_t MinHeapSize                              = 8388608                                   {product} {ergonomic}
    uintx NonNMethodCodeHeapSize                   = 4096                                   {pd product} {ergonomic}
    uintx NonProfiledCodeHeapSize                  = 0                                      {pd product} {ergonomic}
     bool ProfileInterpreter                       = false                                  {pd product} {command line}
    uintx ProfiledCodeHeapSize                     = 0                                      {pd product} {ergonomic}
     bool ShowCodeDetailsInExceptionMessages       = true                                   {manageable} {command line}
   size_t SoftMaxHeapSize                          = 3204448256                             {manageable} {ergonomic}
     intx TieredStopAtLevel                        = 1                                         {product} {command line}
     bool UseCompressedOops                        = true                           {product lp64_product} {ergonomic}
     bool UseG1GC                                  = true                                      {product} {ergonomic}
     bool UseLargePagesIndividualAllocation        = false                                  {pd product} {ergonomic}

Logging:
Log output configuration:
 #0: stdout all=warning uptime,level,tags foldmultilines=false
 #1: stderr all=off uptime,level,tags foldmultilines=false

Environment Variables:
JAVA_HOME=C:\Program Files\Java\jdk-21
PATH=C:\Python312\Scripts\;C:\Python312\;C:\Python311\Scripts\;C:\Python311\;C:\Python310\Scripts\;C:\Python310\;C:\Program Files\Common Files\Oracle\Java\javapath;C:\WINDOWS\system32;C:\WINDOWS;C:\WINDOWS\System32\Wbem;C:\WINDOWS\System32\WindowsPowerShell\v1.0\;C:\WINDOWS\System32\OpenSSH\;C:\Program Files\Java\jdk-21\bin;C:\opt\apache-maven-3.8.3\bin;C:\opt\apache-maven-3.8.3\bin;C:\ProgramData\chocolatey\bin;C:\Program Files\Microsoft VS Code\bin;C:\Program Files\Java\jdk-18\bin;C:\Program Files\Git\cmd;C:\Program Files\nodejs\;C:\Program Files\MySQL\MySQL Shell 8.0\bin\;C:\Users\Gaston\AppData\Local\Microsoft\WindowsApps;C:\Program Files\Microsoft VS Code\bin;E:\Program Files\nodejs;C:\Program Files\Java\jdk-18\bin;C:\Users\Gaston\AppData\Roaming\npm\node_modules\npm;C:\Users\Gaston\AppData\Roaming\npm\node_modules\@angular\cli\bin;C:\Program Files\JetBrains\IntelliJ IDEA Community Edition 2023.2.2\bin;;C:\Users\Gaston\AppData\Roaming\npm
USERNAME=Gaston
OS=Windows_NT
PROCESSOR_IDENTIFIER=Intel64 Family 6 Model 69 Stepping 1, GenuineIntel
TMP=C:\Users\Gaston\AppData\Local\Temp
TEMP=C:\Users\Gaston\AppData\Local\Temp




Periodic native trim disabled

---------------  S Y S T E M  ---------------

OS:
 Windows 10 , 64 bit Build 19041 (10.0.19041.3636)
OS uptime: 0 days 9:11 hours
Hyper-V role detected

CPU: total 4 (initial active 4) (2 cores per cpu, 2 threads per core) family 6 model 69 stepping 1 microcode 0x25, cx8, cmov, fxsr, ht, mmx, sse, sse2, sse3, ssse3, sse4.1, sse4.2, popcnt, lzcnt, tsc, tscinvbit, avx, avx2, aes, erms, clmul, bmi1, bmi2, fma, vzeroupper, clflush, hv, rdtscp, f16c
Processor Information for all 4 processors :
  Max Mhz: 2601, Current Mhz: 1900, Mhz Limit: 1898

Memory: 4k page, system-wide physical 12216M (2659M free)
TotalPageFile size 15288M (AvailPageFile size 2917M)
current process WorkingSet (physical memory assigned to process): 226M, peak: 226M
current process commit charge ("private bytes"): 257M, peak: 305M

vm_info: Java HotSpot(TM) 64-Bit Server VM (21.0.1+12-LTS-29) for windows-amd64 JRE (21.0.1+12-LTS-29), built on 2023-10-05T13:27:09Z by "mach5one" with MS VC++ 17.1 (VS2022)

END.
